Qflow DRC logfile created on Sat Jun 29 11:49:46 IST 2024
magic -dnull -noconsole  /home/rudra/qflow_spi/layout/run_drc_spi_top.tcl

Magic 8.3 revision 50 - Compiled on Sat Jun 29 11:09:32 IST 2024.
Starting magic under Tcl interpreter
Using the terminal as the console.
Using NULL graphics device.
Processing system .magicrc file
Input style lambda=0.10(p): scaleFactor=10, multiplier=1
Contact size value ignored (using GDS generation rules).
Contact size value ignored (using GDS generation rules).
Contact size value ignored (using GDS generation rules).
Contact size value ignored (using GDS generation rules).
Contact size value ignored (using GDS generation rules).
Contact size value ignored (using GDS generation rules).
Loading "/home/rudra/qflow_spi/layout/run_drc_spi_top.tcl" from command line.
Reading LEF data from file /usr/local/share/qflow/tech/osu018/osu018_stdcells.lef.
This action cannot be undone.
LEF read, Line 16 (Message): Unknown keyword "OBS" in LEF file; ignoring.
LEF read, Line 17 (Message): Unknown keyword "PIN" in LEF file; ignoring.
LEF read: Processed 2941 lines.
File <spi_top.mag> is already locked by pid 27557.  Opening read-only.
spi_top: 10000 rects
spi_top: 20000 rects
spi_top: 30000 rects
spi_top: 40000 rects
spi_top: 50000 rects
Processing timestamp mismatches: FILL, AND2X2, BUFX4, NAND3X1, NOR2X1, INVX2, AOI21X1, NAND2X1, OAI21X1, DFFSR, AOI22X1, CLKBUF1, INVX4, BUFX2, INVX8, OR2X2, INVX1, OAI22X1, XNOR2X1, XOR2X1, NOR3X1, MUX2X1.
drc = 0
DRC checking script ended on Sat Jun 29 11:49:47 IST 2024
